# JRE version: Java(TM) SE Runtime Environment 18.9 (11.0.14+8) (build 11.0.14+8-LTS-263)
# Java VM: Java HotSpot(TM) 64-Bit Server VM 18.9 (11.0.14+8-LTS-263, mixed mode, tiered, compressed oops, g1 gc, windows-amd64)
Heap:
 garbage-first heap   total 262144K, used 148635K [0x00000000e0000000, 0x0000000100000000)
  region size 1024K, 8 young (8192K), 2 survivors (2048K)
 Metaspace       used 89541K, capacity 91828K, committed 92120K, reserved 335872K
  class space    used 10976K, capacity 11771K, committed 11992K, reserved 253952K
GC Heap History (10 events):
Event: 347.340 GC heap before
{Heap before GC invocations=56 (full 0):
 garbage-first heap   total 262144K, used 120832K [0x00000000e0000000, 0x0000000100000000)
  region size 1024K, 3 young (3072K), 1 survivors (1024K)
 Metaspace       used 89534K, capacity 91828K, committed 92120K, reserved 335872K
  class space    used 10976K, capacity 11771K, committed 11992K, reserved 253952K
}
Event: 347.357 GC heap after
{Heap after GC invocations=57 (full 0):
 garbage-first heap   total 262144K, used 99328K [0x00000000e0000000, 0x0000000100000000)
  region size 1024K, 1 young (1024K), 1 survivors (1024K)
 Metaspace       used 89534K, capacity 91828K, committed 92120K, reserved 335872K
  class space    used 10976K, capacity 11771K, committed 11992K, reserved 253952K
}
Event: 349.405 GC heap before
{Heap before GC invocations=58 (full 0):
 garbage-first heap   total 262144K, used 113664K [0x00000000e0000000, 0x0000000100000000)
  region size 1024K, 2 young (2048K), 1 survivors (1024K)
 Metaspace       used 89534K, capacity 91828K, committed 92120K, reserved 335872K
  class space    used 10976K, capacity 11771K, committed 11992K, reserved 253952K
}
Event: 349.422 GC heap after
{Heap after GC invocations=59 (full 0):
 garbage-first heap   total 262144K, used 105611K [0x00000000e0000000, 0x0000000100000000)
  region size 1024K, 2 young (2048K), 2 survivors (2048K)
 Metaspace       used 89534K, capacity 91828K, committed 92120K, reserved 335872K
  class space    used 10976K, capacity 11771K, committed 11992K, reserved 253952K
}
Event: 350.610 GC heap before
{Heap before GC invocations=60 (full 0):
 garbage-first heap   total 262144K, used 138379K [0x00000000e0000000, 0x0000000100000000)
  region size 1024K, 4 young (4096K), 2 survivors (2048K)
 Metaspace       used 89534K, capacity 91828K, committed 92120K, reserved 335872K
  class space    used 10976K, capacity 11771K, committed 11992K, reserved 253952K
}
Event: 350.623 GC heap after
{Heap after GC invocations=61 (full 0):
 garbage-first heap   total 262144K, used 108714K [0x00000000e0000000, 0x0000000100000000)
  region size 1024K, 2 young (2048K), 2 survivors (2048K)
 Metaspace       used 89534K, capacity 91828K, committed 92120K, reserved 335872K
  class space    used 10976K, capacity 11771K, committed 11992K, reserved 253952K
}
Event: 351.568 GC heap before
{Heap before GC invocations=62 (full 0):
 garbage-first heap   total 262144K, used 115882K [0x00000000e0000000, 0x0000000100000000)
  region size 1024K, 5 young (5120K), 2 survivors (2048K)
 Metaspace       used 89534K, capacity 91828K, committed 92120K, reserved 335872K
  class space    used 10976K, capacity 11771K, committed 11992K, reserved 253952K
}
Event: 351.582 GC heap after
{Heap after GC invocations=63 (full 0):
 garbage-first heap   total 262144K, used 110490K [0x00000000e0000000, 0x0000000100000000)
  region size 1024K, 1 young (1024K), 1 survivors (1024K)
 Metaspace       used 89534K, capacity 91828K, committed 92120K, reserved 335872K
  class space    used 10976K, capacity 11771K, committed 11992K, reserved 253952K
}
Event: 352.948 GC heap before
{Heap before GC invocations=64 (full 0):
 garbage-first heap   total 262144K, used 128922K [0x00000000e0000000, 0x0000000100000000)
  region size 1024K, 12 young (12288K), 1 survivors (1024K)
 Metaspace       used 89535K, capacity 91828K, committed 92120K, reserved 335872K
  class space    used 10976K, capacity 11771K, committed 11992K, reserved 253952K
}
Event: 352.962 GC heap after
{Heap after GC invocations=65 (full 0):
 garbage-first heap   total 262144K, used 114843K [0x00000000e0000000, 0x0000000100000000)
  region size 1024K, 2 young (2048K), 2 survivors (2048K)
 Metaspace       used 89535K, capacity 91828K, committed 92120K, reserved 335872K
  class space    used 10976K, capacity 11771K, committed 11992K, reserved 253952K
}

